<?xml version="1.0" encoding="UTF-8"?>
<testsuite name="testzebra.service.impl.BowlingServiceImplTest" tests="1" skipped="0" failures="0" errors="0" timestamp="2021-10-17T15:35:44" hostname="DESKTOP-HPH111R" time="0.02">
  <properties/>
  <testcase name="testBuildPlayListFromStream()" classname="testzebra.service.impl.BowlingServiceImplTest" time="0.02"/>
  <system-out><![CDATA[]]></system-out>
  <system-err><![CDATA[]]></system-err>
</testsuite>
